<?xml version="1.0" encoding="UTF-8"?>
<!-- Generated by org.testng.reporters.JUnitReportReporter -->
<testsuite hostname="DESKTOP-LL2RGL5" failures="0" tests="2" name="ram_raj.Rvavan" time="24.244" errors="0" timestamp="2021-07-27T22:55:10 IST" skipped="0">
  <testcase classname="ram_raj.Rvavan" name="freeCrmTitleTest" time="11.342"/>
  <system-out/>
  <testcase classname="ram_raj.Rvavan" name="freemCRMLogoTest" time="12.902"/>
  <system-out/>
</testsuite> <!-- ram_raj.Rvavan -->
